CRITICAL - 2025-11-08 08:44:30 --> CodeIgniter\View\Exceptions\ViewException: Invalid file: "pageBienvenu.php"
[Method: GET, Route: /]
in SYSTEMPATH\Exceptions\FrameworkException.php on line 39.
 1 SYSTEMPATH\View\View.php(214): CodeIgniter\Exceptions\FrameworkException::forInvalidFile('pageBienvenu.php')
 2 SYSTEMPATH\Common.php(1167): CodeIgniter\View\View->render('pageBienvenu', [], true)
 3 APPPATH\Controllers\controllerAcceuil.php(13): view('pageBienvenu', [...])
 4 SYSTEMPATH\CodeIgniter.php(933): App\Controllers\controllerAcceuil->index()
 5 SYSTEMPATH\CodeIgniter.php(507): CodeIgniter\CodeIgniter->runController(Object(App\Controllers\controllerAcceuil))
 6 SYSTEMPATH\CodeIgniter.php(354): CodeIgniter\CodeIgniter->handleRequest(null, Object(Config\Cache), false)
 7 SYSTEMPATH\Boot.php(363): CodeIgniter\CodeIgniter->run()
 8 SYSTEMPATH\Boot.php(68): CodeIgniter\Boot::runCodeIgniter(Object(CodeIgniter\CodeIgniter))
 9 FCPATH\index.php(59): CodeIgniter\Boot::bootWeb(Object(Config\Paths))
CRITICAL - 2025-11-08 08:44:30 --> CodeIgniter\View\Exceptions\ViewException: Invalid file: "pageBienvenu.php"
[Method: GET, Route: /]
in SYSTEMPATH\Exceptions\FrameworkException.php on line 39.
 1 SYSTEMPATH\View\View.php(214): CodeIgniter\Exceptions\FrameworkException::forInvalidFile('pageBienvenu.php')
 2 SYSTEMPATH\Common.php(1167): CodeIgniter\View\View->render('pageBienvenu', [], true)
 3 APPPATH\Controllers\controllerAcceuil.php(13): view('pageBienvenu', [...])
 4 SYSTEMPATH\CodeIgniter.php(933): App\Controllers\controllerAcceuil->index()
 5 SYSTEMPATH\CodeIgniter.php(507): CodeIgniter\CodeIgniter->runController(Object(App\Controllers\controllerAcceuil))
 6 SYSTEMPATH\CodeIgniter.php(354): CodeIgniter\CodeIgniter->handleRequest(null, Object(Config\Cache), false)
 7 SYSTEMPATH\Boot.php(363): CodeIgniter\CodeIgniter->run()
 8 SYSTEMPATH\Boot.php(68): CodeIgniter\Boot::runCodeIgniter(Object(CodeIgniter\CodeIgniter))
 9 FCPATH\index.php(59): CodeIgniter\Boot::bootWeb(Object(Config\Paths))
CRITICAL - 2025-11-08 10:52:04 --> CodeIgniter\Router\Exceptions\RouterException: The route for "" cannot be found.
[Method: GET, Route: /]
in SYSTEMPATH\Helpers\url_helper.php on line 512.
 1 SYSTEMPATH\Helpers\url_helper.php(512): CodeIgniter\Router\Exceptions\RouterException::forInvalidRoute('')
 2 APPPATH\Views\pageBienvenue.php(108): url_to('')
 3 SYSTEMPATH\View\View.php(226): include('C:\\wamp64\\www\\Supercar\\app\\Views\\pageBienvenue.php')
 4 SYSTEMPATH\View\View.php(229): CodeIgniter\View\View->CodeIgniter\View\{closure}()
 5 SYSTEMPATH\Common.php(1167): CodeIgniter\View\View->render('pageBienvenue', [], true)
 6 APPPATH\Controllers\controllerAcceuil.php(11): view('pageBienvenue')
 7 SYSTEMPATH\CodeIgniter.php(933): App\Controllers\controllerAcceuil->index()
 8 SYSTEMPATH\CodeIgniter.php(507): CodeIgniter\CodeIgniter->runController(Object(App\Controllers\controllerAcceuil))
 9 SYSTEMPATH\CodeIgniter.php(354): CodeIgniter\CodeIgniter->handleRequest(null, Object(Config\Cache), false)
10 SYSTEMPATH\Boot.php(363): CodeIgniter\CodeIgniter->run()
11 SYSTEMPATH\Boot.php(68): CodeIgniter\Boot::runCodeIgniter(Object(CodeIgniter\CodeIgniter))
12 FCPATH\index.php(59): CodeIgniter\Boot::bootWeb(Object(Config\Paths))
CRITICAL - 2025-11-08 10:54:22 --> ErrorException: Undefined variable $titre
[Method: GET, Route: Acceuil]
in APPPATH\Views\header.php on line 26.
 1 APPPATH\Views\header.php(26): CodeIgniter\Debug\Exceptions->errorHandler(2, 'Undefined variable $titre', 'C:\\wamp64\\www\\Supercar\\app\\Views\\header.php', 26)
 2 SYSTEMPATH\View\View.php(226): include('C:\\wamp64\\www\\Supercar\\app\\Views\\header.php')
 3 SYSTEMPATH\View\View.php(229): CodeIgniter\View\View->CodeIgniter\View\{closure}()
 4 SYSTEMPATH\Common.php(1167): CodeIgniter\View\View->render('header', [], true)
 5 APPPATH\Views\miseEnPage.php(10): view('header')
 6 SYSTEMPATH\View\View.php(226): include('C:\\wamp64\\www\\Supercar\\app\\Views\\miseEnPage.php')
 7 SYSTEMPATH\View\View.php(229): CodeIgniter\View\View->CodeIgniter\View\{closure}()
 8 SYSTEMPATH\View\View.php(242): CodeIgniter\View\View->render('miseEnPage', [], true)
 9 SYSTEMPATH\Common.php(1167): CodeIgniter\View\View->render('pageAcceuil', [], true)
10 APPPATH\Controllers\controllerAcceuil.php(16): view('pageAcceuil')
11 SYSTEMPATH\CodeIgniter.php(933): App\Controllers\controllerAcceuil->acceuil()
12 SYSTEMPATH\CodeIgniter.php(507): CodeIgniter\CodeIgniter->runController(Object(App\Controllers\controllerAcceuil))
13 SYSTEMPATH\CodeIgniter.php(354): CodeIgniter\CodeIgniter->handleRequest(null, Object(Config\Cache), false)
14 SYSTEMPATH\Boot.php(363): CodeIgniter\CodeIgniter->run()
15 SYSTEMPATH\Boot.php(68): CodeIgniter\Boot::runCodeIgniter(Object(CodeIgniter\CodeIgniter))
16 FCPATH\index.php(59): CodeIgniter\Boot::bootWeb(Object(Config\Paths))
CRITICAL - 2025-11-08 10:58:08 --> ErrorException: Undefined variable $titre
[Method: GET, Route: Acceuil]
in APPPATH\Views\header.php on line 26.
 1 APPPATH\Views\header.php(26): CodeIgniter\Debug\Exceptions->errorHandler(2, 'Undefined variable $titre', 'C:\\wamp64\\www\\Supercar\\app\\Views\\header.php', 26)
 2 SYSTEMPATH\View\View.php(226): include('C:\\wamp64\\www\\Supercar\\app\\Views\\header.php')
 3 SYSTEMPATH\View\View.php(229): CodeIgniter\View\View->CodeIgniter\View\{closure}()
 4 SYSTEMPATH\Common.php(1167): CodeIgniter\View\View->render('header', [], true)
 5 APPPATH\Views\miseEnPage.php(10): view('header')
 6 SYSTEMPATH\View\View.php(226): include('C:\\wamp64\\www\\Supercar\\app\\Views\\miseEnPage.php')
 7 SYSTEMPATH\View\View.php(229): CodeIgniter\View\View->CodeIgniter\View\{closure}()
 8 SYSTEMPATH\View\View.php(242): CodeIgniter\View\View->render('miseEnPage', [], true)
 9 SYSTEMPATH\Common.php(1167): CodeIgniter\View\View->render('pageAcceuil', [], true)
10 APPPATH\Controllers\controllerAcceuil.php(16): view('pageAcceuil')
11 SYSTEMPATH\CodeIgniter.php(933): App\Controllers\controllerAcceuil->acceuil()
12 SYSTEMPATH\CodeIgniter.php(507): CodeIgniter\CodeIgniter->runController(Object(App\Controllers\controllerAcceuil))
13 SYSTEMPATH\CodeIgniter.php(354): CodeIgniter\CodeIgniter->handleRequest(null, Object(Config\Cache), false)
14 SYSTEMPATH\Boot.php(363): CodeIgniter\CodeIgniter->run()
15 SYSTEMPATH\Boot.php(68): CodeIgniter\Boot::runCodeIgniter(Object(CodeIgniter\CodeIgniter))
16 FCPATH\index.php(59): CodeIgniter\Boot::bootWeb(Object(Config\Paths))
