CRITICAL - 2025-10-17 06:37:32 --> CodeIgniter\View\Exceptions\ViewException: Invalid file: "footer.php"
[Method: GET, Route: Acceuil/test]
in SYSTEMPATH\Exceptions\FrameworkException.php on line 39.
 1 SYSTEMPATH\View\View.php(214): CodeIgniter\Exceptions\FrameworkException::forInvalidFile('footer.php')
 2 SYSTEMPATH\Common.php(1167): CodeIgniter\View\View->render('footer', [], true)
 3 APPPATH\Controllers\TESTAGE.php(12): view('footer')
 4 SYSTEMPATH\CodeIgniter.php(933): App\Controllers\TESTAGE->TESTAGE()
 5 SYSTEMPATH\CodeIgniter.php(507): CodeIgniter\CodeIgniter->runController(Object(App\Controllers\TESTAGE))
 6 SYSTEMPATH\CodeIgniter.php(354): CodeIgniter\CodeIgniter->handleRequest(null, Object(Config\Cache), false)
 7 SYSTEMPATH\Boot.php(363): CodeIgniter\CodeIgniter->run()
 8 SYSTEMPATH\Boot.php(68): CodeIgniter\Boot::runCodeIgniter(Object(CodeIgniter\CodeIgniter))
 9 FCPATH\index.php(59): CodeIgniter\Boot::bootWeb(Object(Config\Paths))
CRITICAL - 2025-10-17 06:38:38 --> CodeIgniter\View\Exceptions\ViewException: Invalid file: "footer.php"
[Method: GET, Route: Acceuil/test]
in SYSTEMPATH\Exceptions\FrameworkException.php on line 39.
 1 SYSTEMPATH\View\View.php(214): CodeIgniter\Exceptions\FrameworkException::forInvalidFile('footer.php')
 2 SYSTEMPATH\Common.php(1167): CodeIgniter\View\View->render('footer', [], true)
 3 APPPATH\Controllers\TESTAGE.php(12): view('footer')
 4 SYSTEMPATH\CodeIgniter.php(933): App\Controllers\TESTAGE->TESTAGE()
 5 SYSTEMPATH\CodeIgniter.php(507): CodeIgniter\CodeIgniter->runController(Object(App\Controllers\TESTAGE))
 6 SYSTEMPATH\CodeIgniter.php(354): CodeIgniter\CodeIgniter->handleRequest(null, Object(Config\Cache), false)
 7 SYSTEMPATH\Boot.php(363): CodeIgniter\CodeIgniter->run()
 8 SYSTEMPATH\Boot.php(68): CodeIgniter\Boot::runCodeIgniter(Object(CodeIgniter\CodeIgniter))
 9 FCPATH\index.php(59): CodeIgniter\Boot::bootWeb(Object(Config\Paths))
CRITICAL - 2025-10-17 06:38:44 --> CodeIgniter\View\Exceptions\ViewException: Invalid file: "footer.php"
[Method: GET, Route: Acceuil/test]
in SYSTEMPATH\Exceptions\FrameworkException.php on line 39.
 1 SYSTEMPATH\View\View.php(214): CodeIgniter\Exceptions\FrameworkException::forInvalidFile('footer.php')
 2 SYSTEMPATH\Common.php(1167): CodeIgniter\View\View->render('footer', [], true)
 3 APPPATH\Controllers\TESTAGE.php(12): view('footer')
 4 SYSTEMPATH\CodeIgniter.php(933): App\Controllers\TESTAGE->TESTAGE()
 5 SYSTEMPATH\CodeIgniter.php(507): CodeIgniter\CodeIgniter->runController(Object(App\Controllers\TESTAGE))
 6 SYSTEMPATH\CodeIgniter.php(354): CodeIgniter\CodeIgniter->handleRequest(null, Object(Config\Cache), false)
 7 SYSTEMPATH\Boot.php(363): CodeIgniter\CodeIgniter->run()
 8 SYSTEMPATH\Boot.php(68): CodeIgniter\Boot::runCodeIgniter(Object(CodeIgniter\CodeIgniter))
 9 FCPATH\index.php(59): CodeIgniter\Boot::bootWeb(Object(Config\Paths))
CRITICAL - 2025-10-17 06:38:44 --> CodeIgniter\View\Exceptions\ViewException: Invalid file: "footer.php"
[Method: GET, Route: Acceuil/test]
in SYSTEMPATH\Exceptions\FrameworkException.php on line 39.
 1 SYSTEMPATH\View\View.php(214): CodeIgniter\Exceptions\FrameworkException::forInvalidFile('footer.php')
 2 SYSTEMPATH\Common.php(1167): CodeIgniter\View\View->render('footer', [], true)
 3 APPPATH\Controllers\TESTAGE.php(12): view('footer')
 4 SYSTEMPATH\CodeIgniter.php(933): App\Controllers\TESTAGE->TESTAGE()
 5 SYSTEMPATH\CodeIgniter.php(507): CodeIgniter\CodeIgniter->runController(Object(App\Controllers\TESTAGE))
 6 SYSTEMPATH\CodeIgniter.php(354): CodeIgniter\CodeIgniter->handleRequest(null, Object(Config\Cache), false)
 7 SYSTEMPATH\Boot.php(363): CodeIgniter\CodeIgniter->run()
 8 SYSTEMPATH\Boot.php(68): CodeIgniter\Boot::runCodeIgniter(Object(CodeIgniter\CodeIgniter))
 9 FCPATH\index.php(59): CodeIgniter\Boot::bootWeb(Object(Config\Paths))
CRITICAL - 2025-10-17 06:38:45 --> CodeIgniter\View\Exceptions\ViewException: Invalid file: "footer.php"
[Method: GET, Route: Acceuil/test]
in SYSTEMPATH\Exceptions\FrameworkException.php on line 39.
 1 SYSTEMPATH\View\View.php(214): CodeIgniter\Exceptions\FrameworkException::forInvalidFile('footer.php')
 2 SYSTEMPATH\Common.php(1167): CodeIgniter\View\View->render('footer', [], true)
 3 APPPATH\Controllers\TESTAGE.php(12): view('footer')
 4 SYSTEMPATH\CodeIgniter.php(933): App\Controllers\TESTAGE->TESTAGE()
 5 SYSTEMPATH\CodeIgniter.php(507): CodeIgniter\CodeIgniter->runController(Object(App\Controllers\TESTAGE))
 6 SYSTEMPATH\CodeIgniter.php(354): CodeIgniter\CodeIgniter->handleRequest(null, Object(Config\Cache), false)
 7 SYSTEMPATH\Boot.php(363): CodeIgniter\CodeIgniter->run()
 8 SYSTEMPATH\Boot.php(68): CodeIgniter\Boot::runCodeIgniter(Object(CodeIgniter\CodeIgniter))
 9 FCPATH\index.php(59): CodeIgniter\Boot::bootWeb(Object(Config\Paths))
CRITICAL - 2025-10-17 06:38:45 --> CodeIgniter\View\Exceptions\ViewException: Invalid file: "footer.php"
[Method: GET, Route: Acceuil/test]
in SYSTEMPATH\Exceptions\FrameworkException.php on line 39.
 1 SYSTEMPATH\View\View.php(214): CodeIgniter\Exceptions\FrameworkException::forInvalidFile('footer.php')
 2 SYSTEMPATH\Common.php(1167): CodeIgniter\View\View->render('footer', [], true)
 3 APPPATH\Controllers\TESTAGE.php(12): view('footer')
 4 SYSTEMPATH\CodeIgniter.php(933): App\Controllers\TESTAGE->TESTAGE()
 5 SYSTEMPATH\CodeIgniter.php(507): CodeIgniter\CodeIgniter->runController(Object(App\Controllers\TESTAGE))
 6 SYSTEMPATH\CodeIgniter.php(354): CodeIgniter\CodeIgniter->handleRequest(null, Object(Config\Cache), false)
 7 SYSTEMPATH\Boot.php(363): CodeIgniter\CodeIgniter->run()
 8 SYSTEMPATH\Boot.php(68): CodeIgniter\Boot::runCodeIgniter(Object(CodeIgniter\CodeIgniter))
 9 FCPATH\index.php(59): CodeIgniter\Boot::bootWeb(Object(Config\Paths))
CRITICAL - 2025-10-17 06:38:45 --> CodeIgniter\View\Exceptions\ViewException: Invalid file: "footer.php"
[Method: GET, Route: Acceuil/test]
in SYSTEMPATH\Exceptions\FrameworkException.php on line 39.
 1 SYSTEMPATH\View\View.php(214): CodeIgniter\Exceptions\FrameworkException::forInvalidFile('footer.php')
 2 SYSTEMPATH\Common.php(1167): CodeIgniter\View\View->render('footer', [], true)
 3 APPPATH\Controllers\TESTAGE.php(12): view('footer')
 4 SYSTEMPATH\CodeIgniter.php(933): App\Controllers\TESTAGE->TESTAGE()
 5 SYSTEMPATH\CodeIgniter.php(507): CodeIgniter\CodeIgniter->runController(Object(App\Controllers\TESTAGE))
 6 SYSTEMPATH\CodeIgniter.php(354): CodeIgniter\CodeIgniter->handleRequest(null, Object(Config\Cache), false)
 7 SYSTEMPATH\Boot.php(363): CodeIgniter\CodeIgniter->run()
 8 SYSTEMPATH\Boot.php(68): CodeIgniter\Boot::runCodeIgniter(Object(CodeIgniter\CodeIgniter))
 9 FCPATH\index.php(59): CodeIgniter\Boot::bootWeb(Object(Config\Paths))
CRITICAL - 2025-10-17 06:38:45 --> CodeIgniter\View\Exceptions\ViewException: Invalid file: "footer.php"
[Method: GET, Route: Acceuil/test]
in SYSTEMPATH\Exceptions\FrameworkException.php on line 39.
 1 SYSTEMPATH\View\View.php(214): CodeIgniter\Exceptions\FrameworkException::forInvalidFile('footer.php')
 2 SYSTEMPATH\Common.php(1167): CodeIgniter\View\View->render('footer', [], true)
 3 APPPATH\Controllers\TESTAGE.php(12): view('footer')
 4 SYSTEMPATH\CodeIgniter.php(933): App\Controllers\TESTAGE->TESTAGE()
 5 SYSTEMPATH\CodeIgniter.php(507): CodeIgniter\CodeIgniter->runController(Object(App\Controllers\TESTAGE))
 6 SYSTEMPATH\CodeIgniter.php(354): CodeIgniter\CodeIgniter->handleRequest(null, Object(Config\Cache), false)
 7 SYSTEMPATH\Boot.php(363): CodeIgniter\CodeIgniter->run()
 8 SYSTEMPATH\Boot.php(68): CodeIgniter\Boot::runCodeIgniter(Object(CodeIgniter\CodeIgniter))
 9 FCPATH\index.php(59): CodeIgniter\Boot::bootWeb(Object(Config\Paths))
CRITICAL - 2025-10-17 06:38:45 --> CodeIgniter\View\Exceptions\ViewException: Invalid file: "footer.php"
[Method: GET, Route: Acceuil/test]
in SYSTEMPATH\Exceptions\FrameworkException.php on line 39.
 1 SYSTEMPATH\View\View.php(214): CodeIgniter\Exceptions\FrameworkException::forInvalidFile('footer.php')
 2 SYSTEMPATH\Common.php(1167): CodeIgniter\View\View->render('footer', [], true)
 3 APPPATH\Controllers\TESTAGE.php(12): view('footer')
 4 SYSTEMPATH\CodeIgniter.php(933): App\Controllers\TESTAGE->TESTAGE()
 5 SYSTEMPATH\CodeIgniter.php(507): CodeIgniter\CodeIgniter->runController(Object(App\Controllers\TESTAGE))
 6 SYSTEMPATH\CodeIgniter.php(354): CodeIgniter\CodeIgniter->handleRequest(null, Object(Config\Cache), false)
 7 SYSTEMPATH\Boot.php(363): CodeIgniter\CodeIgniter->run()
 8 SYSTEMPATH\Boot.php(68): CodeIgniter\Boot::runCodeIgniter(Object(CodeIgniter\CodeIgniter))
 9 FCPATH\index.php(59): CodeIgniter\Boot::bootWeb(Object(Config\Paths))
CRITICAL - 2025-10-17 06:38:45 --> CodeIgniter\View\Exceptions\ViewException: Invalid file: "footer.php"
[Method: GET, Route: Acceuil/test]
in SYSTEMPATH\Exceptions\FrameworkException.php on line 39.
 1 SYSTEMPATH\View\View.php(214): CodeIgniter\Exceptions\FrameworkException::forInvalidFile('footer.php')
 2 SYSTEMPATH\Common.php(1167): CodeIgniter\View\View->render('footer', [], true)
 3 APPPATH\Controllers\TESTAGE.php(12): view('footer')
 4 SYSTEMPATH\CodeIgniter.php(933): App\Controllers\TESTAGE->TESTAGE()
 5 SYSTEMPATH\CodeIgniter.php(507): CodeIgniter\CodeIgniter->runController(Object(App\Controllers\TESTAGE))
 6 SYSTEMPATH\CodeIgniter.php(354): CodeIgniter\CodeIgniter->handleRequest(null, Object(Config\Cache), false)
 7 SYSTEMPATH\Boot.php(363): CodeIgniter\CodeIgniter->run()
 8 SYSTEMPATH\Boot.php(68): CodeIgniter\Boot::runCodeIgniter(Object(CodeIgniter\CodeIgniter))
 9 FCPATH\index.php(59): CodeIgniter\Boot::bootWeb(Object(Config\Paths))
CRITICAL - 2025-10-17 06:38:46 --> CodeIgniter\View\Exceptions\ViewException: Invalid file: "footer.php"
[Method: GET, Route: Acceuil/test]
in SYSTEMPATH\Exceptions\FrameworkException.php on line 39.
 1 SYSTEMPATH\View\View.php(214): CodeIgniter\Exceptions\FrameworkException::forInvalidFile('footer.php')
 2 SYSTEMPATH\Common.php(1167): CodeIgniter\View\View->render('footer', [], true)
 3 APPPATH\Controllers\TESTAGE.php(12): view('footer')
 4 SYSTEMPATH\CodeIgniter.php(933): App\Controllers\TESTAGE->TESTAGE()
 5 SYSTEMPATH\CodeIgniter.php(507): CodeIgniter\CodeIgniter->runController(Object(App\Controllers\TESTAGE))
 6 SYSTEMPATH\CodeIgniter.php(354): CodeIgniter\CodeIgniter->handleRequest(null, Object(Config\Cache), false)
 7 SYSTEMPATH\Boot.php(363): CodeIgniter\CodeIgniter->run()
 8 SYSTEMPATH\Boot.php(68): CodeIgniter\Boot::runCodeIgniter(Object(CodeIgniter\CodeIgniter))
 9 FCPATH\index.php(59): CodeIgniter\Boot::bootWeb(Object(Config\Paths))
CRITICAL - 2025-10-17 06:38:46 --> CodeIgniter\View\Exceptions\ViewException: Invalid file: "footer.php"
[Method: GET, Route: Acceuil/test]
in SYSTEMPATH\Exceptions\FrameworkException.php on line 39.
 1 SYSTEMPATH\View\View.php(214): CodeIgniter\Exceptions\FrameworkException::forInvalidFile('footer.php')
 2 SYSTEMPATH\Common.php(1167): CodeIgniter\View\View->render('footer', [], true)
 3 APPPATH\Controllers\TESTAGE.php(12): view('footer')
 4 SYSTEMPATH\CodeIgniter.php(933): App\Controllers\TESTAGE->TESTAGE()
 5 SYSTEMPATH\CodeIgniter.php(507): CodeIgniter\CodeIgniter->runController(Object(App\Controllers\TESTAGE))
 6 SYSTEMPATH\CodeIgniter.php(354): CodeIgniter\CodeIgniter->handleRequest(null, Object(Config\Cache), false)
 7 SYSTEMPATH\Boot.php(363): CodeIgniter\CodeIgniter->run()
 8 SYSTEMPATH\Boot.php(68): CodeIgniter\Boot::runCodeIgniter(Object(CodeIgniter\CodeIgniter))
 9 FCPATH\index.php(59): CodeIgniter\Boot::bootWeb(Object(Config\Paths))
CRITICAL - 2025-10-17 06:39:53 --> CodeIgniter\View\Exceptions\ViewException: Invalid file: "footer.php"
[Method: GET, Route: Acceuil/test]
in SYSTEMPATH\Exceptions\FrameworkException.php on line 39.
 1 SYSTEMPATH\View\View.php(214): CodeIgniter\Exceptions\FrameworkException::forInvalidFile('footer.php')
 2 SYSTEMPATH\Common.php(1167): CodeIgniter\View\View->render('footer', [], true)
 3 APPPATH\Controllers\TESTAGE.php(12): view('footer')
 4 SYSTEMPATH\CodeIgniter.php(933): App\Controllers\TESTAGE->TESTAGE()
 5 SYSTEMPATH\CodeIgniter.php(507): CodeIgniter\CodeIgniter->runController(Object(App\Controllers\TESTAGE))
 6 SYSTEMPATH\CodeIgniter.php(354): CodeIgniter\CodeIgniter->handleRequest(null, Object(Config\Cache), false)
 7 SYSTEMPATH\Boot.php(363): CodeIgniter\CodeIgniter->run()
 8 SYSTEMPATH\Boot.php(68): CodeIgniter\Boot::runCodeIgniter(Object(CodeIgniter\CodeIgniter))
 9 FCPATH\index.php(59): CodeIgniter\Boot::bootWeb(Object(Config\Paths))
CRITICAL - 2025-10-17 06:40:04 --> CodeIgniter\View\Exceptions\ViewException: Invalid file: "footer.php"
[Method: GET, Route: Acceuil/test]
in SYSTEMPATH\Exceptions\FrameworkException.php on line 39.
 1 SYSTEMPATH\View\View.php(214): CodeIgniter\Exceptions\FrameworkException::forInvalidFile('footer.php')
 2 SYSTEMPATH\Common.php(1167): CodeIgniter\View\View->render('footer', [], true)
 3 APPPATH\Controllers\TESTAGE.php(12): view('footer')
 4 SYSTEMPATH\CodeIgniter.php(933): App\Controllers\TESTAGE->TESTAGE()
 5 SYSTEMPATH\CodeIgniter.php(507): CodeIgniter\CodeIgniter->runController(Object(App\Controllers\TESTAGE))
 6 SYSTEMPATH\CodeIgniter.php(354): CodeIgniter\CodeIgniter->handleRequest(null, Object(Config\Cache), false)
 7 SYSTEMPATH\Boot.php(363): CodeIgniter\CodeIgniter->run()
 8 SYSTEMPATH\Boot.php(68): CodeIgniter\Boot::runCodeIgniter(Object(CodeIgniter\CodeIgniter))
 9 FCPATH\index.php(59): CodeIgniter\Boot::bootWeb(Object(Config\Paths))
CRITICAL - 2025-10-17 06:42:55 --> CodeIgniter\View\Exceptions\ViewException: Invalid file: "footer.php"
[Method: GET, Route: Acceuil/test]
in SYSTEMPATH\Exceptions\FrameworkException.php on line 39.
 1 SYSTEMPATH\View\View.php(214): CodeIgniter\Exceptions\FrameworkException::forInvalidFile('footer.php')
 2 SYSTEMPATH\Common.php(1167): CodeIgniter\View\View->render('footer', [], true)
 3 APPPATH\Controllers\TESTAGE.php(12): view('footer')
 4 SYSTEMPATH\CodeIgniter.php(933): App\Controllers\TESTAGE->TESTAGE()
 5 SYSTEMPATH\CodeIgniter.php(507): CodeIgniter\CodeIgniter->runController(Object(App\Controllers\TESTAGE))
 6 SYSTEMPATH\CodeIgniter.php(354): CodeIgniter\CodeIgniter->handleRequest(null, Object(Config\Cache), false)
 7 SYSTEMPATH\Boot.php(363): CodeIgniter\CodeIgniter->run()
 8 SYSTEMPATH\Boot.php(68): CodeIgniter\Boot::runCodeIgniter(Object(CodeIgniter\CodeIgniter))
 9 FCPATH\index.php(59): CodeIgniter\Boot::bootWeb(Object(Config\Paths))
CRITICAL - 2025-10-17 06:43:00 --> CodeIgniter\View\Exceptions\ViewException: Invalid file: "footer.php"
[Method: GET, Route: Acceuil/test]
in SYSTEMPATH\Exceptions\FrameworkException.php on line 39.
 1 SYSTEMPATH\View\View.php(214): CodeIgniter\Exceptions\FrameworkException::forInvalidFile('footer.php')
 2 SYSTEMPATH\Common.php(1167): CodeIgniter\View\View->render('footer', [], true)
 3 APPPATH\Controllers\TESTAGE.php(12): view('footer')
 4 SYSTEMPATH\CodeIgniter.php(933): App\Controllers\TESTAGE->TESTAGE()
 5 SYSTEMPATH\CodeIgniter.php(507): CodeIgniter\CodeIgniter->runController(Object(App\Controllers\TESTAGE))
 6 SYSTEMPATH\CodeIgniter.php(354): CodeIgniter\CodeIgniter->handleRequest(null, Object(Config\Cache), false)
 7 SYSTEMPATH\Boot.php(363): CodeIgniter\CodeIgniter->run()
 8 SYSTEMPATH\Boot.php(68): CodeIgniter\Boot::runCodeIgniter(Object(CodeIgniter\CodeIgniter))
 9 FCPATH\index.php(59): CodeIgniter\Boot::bootWeb(Object(Config\Paths))
CRITICAL - 2025-10-17 06:43:10 --> CodeIgniter\View\Exceptions\ViewException: Invalid file: "footer.php"
[Method: GET, Route: Acceuil/test]
in SYSTEMPATH\Exceptions\FrameworkException.php on line 39.
 1 SYSTEMPATH\View\View.php(214): CodeIgniter\Exceptions\FrameworkException::forInvalidFile('footer.php')
 2 SYSTEMPATH\Common.php(1167): CodeIgniter\View\View->render('footer', [], true)
 3 APPPATH\Controllers\TESTAGE.php(12): view('footer')
 4 SYSTEMPATH\CodeIgniter.php(933): App\Controllers\TESTAGE->TESTAGE()
 5 SYSTEMPATH\CodeIgniter.php(507): CodeIgniter\CodeIgniter->runController(Object(App\Controllers\TESTAGE))
 6 SYSTEMPATH\CodeIgniter.php(354): CodeIgniter\CodeIgniter->handleRequest(null, Object(Config\Cache), false)
 7 SYSTEMPATH\Boot.php(363): CodeIgniter\CodeIgniter->run()
 8 SYSTEMPATH\Boot.php(68): CodeIgniter\Boot::runCodeIgniter(Object(CodeIgniter\CodeIgniter))
 9 FCPATH\index.php(59): CodeIgniter\Boot::bootWeb(Object(Config\Paths))
CRITICAL - 2025-10-17 06:59:47 --> ErrorException: Undefined variable $voitures
[Method: GET, Route: Acceuil/test]
in APPPATH\Views\affichageVoiture.php on line 12.
 1 APPPATH\Views\affichageVoiture.php(12): CodeIgniter\Debug\Exceptions->errorHandler(2, 'Undefined variable $voitures', 'C:\\wamp64\\www\\Supercar\\app\\Views\\affichageVoiture.php', 12)
 2 SYSTEMPATH\View\View.php(226): include('C:\\wamp64\\www\\Supercar\\app\\Views\\affichageVoiture.php')
 3 SYSTEMPATH\View\View.php(229): CodeIgniter\View\View->CodeIgniter\View\{closure}()
 4 SYSTEMPATH\Common.php(1167): CodeIgniter\View\View->render('affichageVoiture', [], true)
 5 APPPATH\Controllers\TESTAGE.php(12): view('affichageVoiture')
 6 SYSTEMPATH\CodeIgniter.php(933): App\Controllers\TESTAGE->TESTAGE()
 7 SYSTEMPATH\CodeIgniter.php(507): CodeIgniter\CodeIgniter->runController(Object(App\Controllers\TESTAGE))
 8 SYSTEMPATH\CodeIgniter.php(354): CodeIgniter\CodeIgniter->handleRequest(null, Object(Config\Cache), false)
 9 SYSTEMPATH\Boot.php(363): CodeIgniter\CodeIgniter->run()
10 SYSTEMPATH\Boot.php(68): CodeIgniter\Boot::runCodeIgniter(Object(CodeIgniter\CodeIgniter))
11 FCPATH\index.php(59): CodeIgniter\Boot::bootWeb(Object(Config\Paths))
CRITICAL - 2025-10-17 06:59:53 --> ErrorException: Undefined variable $voitures
[Method: GET, Route: Acceuil/test]
in APPPATH\Views\affichageVoiture.php on line 12.
 1 APPPATH\Views\affichageVoiture.php(12): CodeIgniter\Debug\Exceptions->errorHandler(2, 'Undefined variable $voitures', 'C:\\wamp64\\www\\Supercar\\app\\Views\\affichageVoiture.php', 12)
 2 SYSTEMPATH\View\View.php(226): include('C:\\wamp64\\www\\Supercar\\app\\Views\\affichageVoiture.php')
 3 SYSTEMPATH\View\View.php(229): CodeIgniter\View\View->CodeIgniter\View\{closure}()
 4 SYSTEMPATH\Common.php(1167): CodeIgniter\View\View->render('affichageVoiture', [], true)
 5 APPPATH\Controllers\TESTAGE.php(12): view('affichageVoiture')
 6 SYSTEMPATH\CodeIgniter.php(933): App\Controllers\TESTAGE->TESTAGE()
 7 SYSTEMPATH\CodeIgniter.php(507): CodeIgniter\CodeIgniter->runController(Object(App\Controllers\TESTAGE))
 8 SYSTEMPATH\CodeIgniter.php(354): CodeIgniter\CodeIgniter->handleRequest(null, Object(Config\Cache), false)
 9 SYSTEMPATH\Boot.php(363): CodeIgniter\CodeIgniter->run()
10 SYSTEMPATH\Boot.php(68): CodeIgniter\Boot::runCodeIgniter(Object(CodeIgniter\CodeIgniter))
11 FCPATH\index.php(59): CodeIgniter\Boot::bootWeb(Object(Config\Paths))
CRITICAL - 2025-10-17 07:01:36 --> ErrorException: Undefined variable $voitures
[Method: GET, Route: Acceuil/test]
in APPPATH\Views\affichageVoiture.php on line 12.
 1 APPPATH\Views\affichageVoiture.php(12): CodeIgniter\Debug\Exceptions->errorHandler(2, 'Undefined variable $voitures', 'C:\\wamp64\\www\\Supercar\\app\\Views\\affichageVoiture.php', 12)
 2 SYSTEMPATH\View\View.php(226): include('C:\\wamp64\\www\\Supercar\\app\\Views\\affichageVoiture.php')
 3 SYSTEMPATH\View\View.php(229): CodeIgniter\View\View->CodeIgniter\View\{closure}()
 4 SYSTEMPATH\Common.php(1167): CodeIgniter\View\View->render('affichageVoiture', [], true)
 5 APPPATH\Controllers\TESTAGE.php(12): view('affichageVoiture')
 6 SYSTEMPATH\CodeIgniter.php(933): App\Controllers\TESTAGE->TESTAGE()
 7 SYSTEMPATH\CodeIgniter.php(507): CodeIgniter\CodeIgniter->runController(Object(App\Controllers\TESTAGE))
 8 SYSTEMPATH\CodeIgniter.php(354): CodeIgniter\CodeIgniter->handleRequest(null, Object(Config\Cache), false)
 9 SYSTEMPATH\Boot.php(363): CodeIgniter\CodeIgniter->run()
10 SYSTEMPATH\Boot.php(68): CodeIgniter\Boot::runCodeIgniter(Object(CodeIgniter\CodeIgniter))
11 FCPATH\index.php(59): CodeIgniter\Boot::bootWeb(Object(Config\Paths))
CRITICAL - 2025-10-17 07:05:07 --> Error: Class "App\Controllers\modelVoiture" not found
[Method: GET, Route: /]
in APPPATH\Controllers\controllerAcceuil.php on line 8.
 1 SYSTEMPATH\CodeIgniter.php(933): App\Controllers\controllerAcceuil->index()
 2 SYSTEMPATH\CodeIgniter.php(507): CodeIgniter\CodeIgniter->runController(Object(App\Controllers\controllerAcceuil))
 3 SYSTEMPATH\CodeIgniter.php(354): CodeIgniter\CodeIgniter->handleRequest(null, Object(Config\Cache), false)
 4 SYSTEMPATH\Boot.php(363): CodeIgniter\CodeIgniter->run()
 5 SYSTEMPATH\Boot.php(68): CodeIgniter\Boot::runCodeIgniter(Object(CodeIgniter\CodeIgniter))
 6 FCPATH\index.php(59): CodeIgniter\Boot::bootWeb(Object(Config\Paths))
CRITICAL - 2025-10-17 07:05:09 --> Error: Class "App\Controllers\modelVoiture" not found
[Method: GET, Route: /]
in APPPATH\Controllers\controllerAcceuil.php on line 8.
 1 SYSTEMPATH\CodeIgniter.php(933): App\Controllers\controllerAcceuil->index()
 2 SYSTEMPATH\CodeIgniter.php(507): CodeIgniter\CodeIgniter->runController(Object(App\Controllers\controllerAcceuil))
 3 SYSTEMPATH\CodeIgniter.php(354): CodeIgniter\CodeIgniter->handleRequest(null, Object(Config\Cache), false)
 4 SYSTEMPATH\Boot.php(363): CodeIgniter\CodeIgniter->run()
 5 SYSTEMPATH\Boot.php(68): CodeIgniter\Boot::runCodeIgniter(Object(CodeIgniter\CodeIgniter))
 6 FCPATH\index.php(59): CodeIgniter\Boot::bootWeb(Object(Config\Paths))
CRITICAL - 2025-10-17 07:05:10 --> Error: Class "App\Controllers\modelVoiture" not found
[Method: GET, Route: /]
in APPPATH\Controllers\controllerAcceuil.php on line 8.
 1 SYSTEMPATH\CodeIgniter.php(933): App\Controllers\controllerAcceuil->index()
 2 SYSTEMPATH\CodeIgniter.php(507): CodeIgniter\CodeIgniter->runController(Object(App\Controllers\controllerAcceuil))
 3 SYSTEMPATH\CodeIgniter.php(354): CodeIgniter\CodeIgniter->handleRequest(null, Object(Config\Cache), false)
 4 SYSTEMPATH\Boot.php(363): CodeIgniter\CodeIgniter->run()
 5 SYSTEMPATH\Boot.php(68): CodeIgniter\Boot::runCodeIgniter(Object(CodeIgniter\CodeIgniter))
 6 FCPATH\index.php(59): CodeIgniter\Boot::bootWeb(Object(Config\Paths))
CRITICAL - 2025-10-17 07:05:10 --> Error: Class "App\Controllers\modelVoiture" not found
[Method: GET, Route: /]
in APPPATH\Controllers\controllerAcceuil.php on line 8.
 1 SYSTEMPATH\CodeIgniter.php(933): App\Controllers\controllerAcceuil->index()
 2 SYSTEMPATH\CodeIgniter.php(507): CodeIgniter\CodeIgniter->runController(Object(App\Controllers\controllerAcceuil))
 3 SYSTEMPATH\CodeIgniter.php(354): CodeIgniter\CodeIgniter->handleRequest(null, Object(Config\Cache), false)
 4 SYSTEMPATH\Boot.php(363): CodeIgniter\CodeIgniter->run()
 5 SYSTEMPATH\Boot.php(68): CodeIgniter\Boot::runCodeIgniter(Object(CodeIgniter\CodeIgniter))
 6 FCPATH\index.php(59): CodeIgniter\Boot::bootWeb(Object(Config\Paths))
CRITICAL - 2025-10-17 07:05:10 --> Error: Class "App\Controllers\modelVoiture" not found
[Method: GET, Route: /]
in APPPATH\Controllers\controllerAcceuil.php on line 8.
 1 SYSTEMPATH\CodeIgniter.php(933): App\Controllers\controllerAcceuil->index()
 2 SYSTEMPATH\CodeIgniter.php(507): CodeIgniter\CodeIgniter->runController(Object(App\Controllers\controllerAcceuil))
 3 SYSTEMPATH\CodeIgniter.php(354): CodeIgniter\CodeIgniter->handleRequest(null, Object(Config\Cache), false)
 4 SYSTEMPATH\Boot.php(363): CodeIgniter\CodeIgniter->run()
 5 SYSTEMPATH\Boot.php(68): CodeIgniter\Boot::runCodeIgniter(Object(CodeIgniter\CodeIgniter))
 6 FCPATH\index.php(59): CodeIgniter\Boot::bootWeb(Object(Config\Paths))
CRITICAL - 2025-10-17 07:05:11 --> Error: Class "App\Controllers\modelVoiture" not found
[Method: GET, Route: /]
in APPPATH\Controllers\controllerAcceuil.php on line 8.
 1 SYSTEMPATH\CodeIgniter.php(933): App\Controllers\controllerAcceuil->index()
 2 SYSTEMPATH\CodeIgniter.php(507): CodeIgniter\CodeIgniter->runController(Object(App\Controllers\controllerAcceuil))
 3 SYSTEMPATH\CodeIgniter.php(354): CodeIgniter\CodeIgniter->handleRequest(null, Object(Config\Cache), false)
 4 SYSTEMPATH\Boot.php(363): CodeIgniter\CodeIgniter->run()
 5 SYSTEMPATH\Boot.php(68): CodeIgniter\Boot::runCodeIgniter(Object(CodeIgniter\CodeIgniter))
 6 FCPATH\index.php(59): CodeIgniter\Boot::bootWeb(Object(Config\Paths))
CRITICAL - 2025-10-17 07:05:11 --> Error: Class "App\Controllers\modelVoiture" not found
[Method: GET, Route: /]
in APPPATH\Controllers\controllerAcceuil.php on line 8.
 1 SYSTEMPATH\CodeIgniter.php(933): App\Controllers\controllerAcceuil->index()
 2 SYSTEMPATH\CodeIgniter.php(507): CodeIgniter\CodeIgniter->runController(Object(App\Controllers\controllerAcceuil))
 3 SYSTEMPATH\CodeIgniter.php(354): CodeIgniter\CodeIgniter->handleRequest(null, Object(Config\Cache), false)
 4 SYSTEMPATH\Boot.php(363): CodeIgniter\CodeIgniter->run()
 5 SYSTEMPATH\Boot.php(68): CodeIgniter\Boot::runCodeIgniter(Object(CodeIgniter\CodeIgniter))
 6 FCPATH\index.php(59): CodeIgniter\Boot::bootWeb(Object(Config\Paths))
CRITICAL - 2025-10-17 07:05:11 --> Error: Class "App\Controllers\modelVoiture" not found
[Method: GET, Route: /]
in APPPATH\Controllers\controllerAcceuil.php on line 8.
 1 SYSTEMPATH\CodeIgniter.php(933): App\Controllers\controllerAcceuil->index()
 2 SYSTEMPATH\CodeIgniter.php(507): CodeIgniter\CodeIgniter->runController(Object(App\Controllers\controllerAcceuil))
 3 SYSTEMPATH\CodeIgniter.php(354): CodeIgniter\CodeIgniter->handleRequest(null, Object(Config\Cache), false)
 4 SYSTEMPATH\Boot.php(363): CodeIgniter\CodeIgniter->run()
 5 SYSTEMPATH\Boot.php(68): CodeIgniter\Boot::runCodeIgniter(Object(CodeIgniter\CodeIgniter))
 6 FCPATH\index.php(59): CodeIgniter\Boot::bootWeb(Object(Config\Paths))
CRITICAL - 2025-10-17 07:06:26 --> ErrorException: Undefined variable $data
[Method: GET, Route: Acceuil/test]
in APPPATH\Controllers\TESTAGE.php on line 12.
 1 APPPATH\Controllers\TESTAGE.php(12): CodeIgniter\Debug\Exceptions->errorHandler(2, 'Undefined variable $data', 'C:\\wamp64\\www\\Supercar\\app\\Controllers\\TESTAGE.php', 12)
 2 SYSTEMPATH\CodeIgniter.php(933): App\Controllers\TESTAGE->TESTAGE()
 3 SYSTEMPATH\CodeIgniter.php(507): CodeIgniter\CodeIgniter->runController(Object(App\Controllers\TESTAGE))
 4 SYSTEMPATH\CodeIgniter.php(354): CodeIgniter\CodeIgniter->handleRequest(null, Object(Config\Cache), false)
 5 SYSTEMPATH\Boot.php(363): CodeIgniter\CodeIgniter->run()
 6 SYSTEMPATH\Boot.php(68): CodeIgniter\Boot::runCodeIgniter(Object(CodeIgniter\CodeIgniter))
 7 FCPATH\index.php(59): CodeIgniter\Boot::bootWeb(Object(Config\Paths))
CRITICAL - 2025-10-17 07:06:57 --> ErrorException: Undefined variable $data
[Method: GET, Route: Acceuil/test]
in APPPATH\Controllers\TESTAGE.php on line 12.
 1 APPPATH\Controllers\TESTAGE.php(12): CodeIgniter\Debug\Exceptions->errorHandler(2, 'Undefined variable $data', 'C:\\wamp64\\www\\Supercar\\app\\Controllers\\TESTAGE.php', 12)
 2 SYSTEMPATH\CodeIgniter.php(933): App\Controllers\TESTAGE->TESTAGE()
 3 SYSTEMPATH\CodeIgniter.php(507): CodeIgniter\CodeIgniter->runController(Object(App\Controllers\TESTAGE))
 4 SYSTEMPATH\CodeIgniter.php(354): CodeIgniter\CodeIgniter->handleRequest(null, Object(Config\Cache), false)
 5 SYSTEMPATH\Boot.php(363): CodeIgniter\CodeIgniter->run()
 6 SYSTEMPATH\Boot.php(68): CodeIgniter\Boot::runCodeIgniter(Object(CodeIgniter\CodeIgniter))
 7 FCPATH\index.php(59): CodeIgniter\Boot::bootWeb(Object(Config\Paths))
CRITICAL - 2025-10-17 07:07:40 --> ErrorException: Undefined variable $voitures
[Method: GET, Route: Acceuil/test]
in APPPATH\Views\affichageVoiture.php on line 12.
 1 APPPATH\Views\affichageVoiture.php(12): CodeIgniter\Debug\Exceptions->errorHandler(2, 'Undefined variable $voitures', 'C:\\wamp64\\www\\Supercar\\app\\Views\\affichageVoiture.php', 12)
 2 SYSTEMPATH\View\View.php(226): include('C:\\wamp64\\www\\Supercar\\app\\Views\\affichageVoiture.php')
 3 SYSTEMPATH\View\View.php(229): CodeIgniter\View\View->CodeIgniter\View\{closure}()
 4 SYSTEMPATH\Common.php(1167): CodeIgniter\View\View->render('affichageVoiture', [], true)
 5 APPPATH\Controllers\TESTAGE.php(12): view('affichageVoiture', [...])
 6 SYSTEMPATH\CodeIgniter.php(933): App\Controllers\TESTAGE->TESTAGE()
 7 SYSTEMPATH\CodeIgniter.php(507): CodeIgniter\CodeIgniter->runController(Object(App\Controllers\TESTAGE))
 8 SYSTEMPATH\CodeIgniter.php(354): CodeIgniter\CodeIgniter->handleRequest(null, Object(Config\Cache), false)
 9 SYSTEMPATH\Boot.php(363): CodeIgniter\CodeIgniter->run()
10 SYSTEMPATH\Boot.php(68): CodeIgniter\Boot::runCodeIgniter(Object(CodeIgniter\CodeIgniter))
11 FCPATH\index.php(59): CodeIgniter\Boot::bootWeb(Object(Config\Paths))
CRITICAL - 2025-10-17 07:07:41 --> ErrorException: Undefined variable $voitures
[Method: GET, Route: Acceuil/test]
in APPPATH\Views\affichageVoiture.php on line 12.
 1 APPPATH\Views\affichageVoiture.php(12): CodeIgniter\Debug\Exceptions->errorHandler(2, 'Undefined variable $voitures', 'C:\\wamp64\\www\\Supercar\\app\\Views\\affichageVoiture.php', 12)
 2 SYSTEMPATH\View\View.php(226): include('C:\\wamp64\\www\\Supercar\\app\\Views\\affichageVoiture.php')
 3 SYSTEMPATH\View\View.php(229): CodeIgniter\View\View->CodeIgniter\View\{closure}()
 4 SYSTEMPATH\Common.php(1167): CodeIgniter\View\View->render('affichageVoiture', [], true)
 5 APPPATH\Controllers\TESTAGE.php(12): view('affichageVoiture', [...])
 6 SYSTEMPATH\CodeIgniter.php(933): App\Controllers\TESTAGE->TESTAGE()
 7 SYSTEMPATH\CodeIgniter.php(507): CodeIgniter\CodeIgniter->runController(Object(App\Controllers\TESTAGE))
 8 SYSTEMPATH\CodeIgniter.php(354): CodeIgniter\CodeIgniter->handleRequest(null, Object(Config\Cache), false)
 9 SYSTEMPATH\Boot.php(363): CodeIgniter\CodeIgniter->run()
10 SYSTEMPATH\Boot.php(68): CodeIgniter\Boot::runCodeIgniter(Object(CodeIgniter\CodeIgniter))
11 FCPATH\index.php(59): CodeIgniter\Boot::bootWeb(Object(Config\Paths))
CRITICAL - 2025-10-17 07:08:44 --> Error: Class "App\Controllers\modelVoiture" not found
[Method: GET, Route: Acceuil/test]
in APPPATH\Controllers\TESTAGE.php on line 9.
 1 SYSTEMPATH\CodeIgniter.php(933): App\Controllers\TESTAGE->TESTAGE()
 2 SYSTEMPATH\CodeIgniter.php(507): CodeIgniter\CodeIgniter->runController(Object(App\Controllers\TESTAGE))
 3 SYSTEMPATH\CodeIgniter.php(354): CodeIgniter\CodeIgniter->handleRequest(null, Object(Config\Cache), false)
 4 SYSTEMPATH\Boot.php(363): CodeIgniter\CodeIgniter->run()
 5 SYSTEMPATH\Boot.php(68): CodeIgniter\Boot::runCodeIgniter(Object(CodeIgniter\CodeIgniter))
 6 FCPATH\index.php(59): CodeIgniter\Boot::bootWeb(Object(Config\Paths))
CRITICAL - 2025-10-17 07:08:47 --> ErrorException: Undefined variable $donnees
[Method: GET, Route: /]
in APPPATH\Controllers\controllerAcceuil.php on line 10.
 1 APPPATH\Controllers\controllerAcceuil.php(10): CodeIgniter\Debug\Exceptions->errorHandler(2, 'Undefined variable $donnees', 'C:\\wamp64\\www\\Supercar\\app\\Controllers\\controllerAcceuil.php', 10)
 2 SYSTEMPATH\CodeIgniter.php(933): App\Controllers\controllerAcceuil->index()
 3 SYSTEMPATH\CodeIgniter.php(507): CodeIgniter\CodeIgniter->runController(Object(App\Controllers\controllerAcceuil))
 4 SYSTEMPATH\CodeIgniter.php(354): CodeIgniter\CodeIgniter->handleRequest(null, Object(Config\Cache), false)
 5 SYSTEMPATH\Boot.php(363): CodeIgniter\CodeIgniter->run()
 6 SYSTEMPATH\Boot.php(68): CodeIgniter\Boot::runCodeIgniter(Object(CodeIgniter\CodeIgniter))
 7 FCPATH\index.php(59): CodeIgniter\Boot::bootWeb(Object(Config\Paths))
CRITICAL - 2025-10-17 07:08:48 --> ErrorException: Undefined variable $donnees
[Method: GET, Route: /]
in APPPATH\Controllers\controllerAcceuil.php on line 10.
 1 APPPATH\Controllers\controllerAcceuil.php(10): CodeIgniter\Debug\Exceptions->errorHandler(2, 'Undefined variable $donnees', 'C:\\wamp64\\www\\Supercar\\app\\Controllers\\controllerAcceuil.php', 10)
 2 SYSTEMPATH\CodeIgniter.php(933): App\Controllers\controllerAcceuil->index()
 3 SYSTEMPATH\CodeIgniter.php(507): CodeIgniter\CodeIgniter->runController(Object(App\Controllers\controllerAcceuil))
 4 SYSTEMPATH\CodeIgniter.php(354): CodeIgniter\CodeIgniter->handleRequest(null, Object(Config\Cache), false)
 5 SYSTEMPATH\Boot.php(363): CodeIgniter\CodeIgniter->run()
 6 SYSTEMPATH\Boot.php(68): CodeIgniter\Boot::runCodeIgniter(Object(CodeIgniter\CodeIgniter))
 7 FCPATH\index.php(59): CodeIgniter\Boot::bootWeb(Object(Config\Paths))
CRITICAL - 2025-10-17 07:08:48 --> ErrorException: Undefined variable $donnees
[Method: GET, Route: /]
in APPPATH\Controllers\controllerAcceuil.php on line 10.
 1 APPPATH\Controllers\controllerAcceuil.php(10): CodeIgniter\Debug\Exceptions->errorHandler(2, 'Undefined variable $donnees', 'C:\\wamp64\\www\\Supercar\\app\\Controllers\\controllerAcceuil.php', 10)
 2 SYSTEMPATH\CodeIgniter.php(933): App\Controllers\controllerAcceuil->index()
 3 SYSTEMPATH\CodeIgniter.php(507): CodeIgniter\CodeIgniter->runController(Object(App\Controllers\controllerAcceuil))
 4 SYSTEMPATH\CodeIgniter.php(354): CodeIgniter\CodeIgniter->handleRequest(null, Object(Config\Cache), false)
 5 SYSTEMPATH\Boot.php(363): CodeIgniter\CodeIgniter->run()
 6 SYSTEMPATH\Boot.php(68): CodeIgniter\Boot::runCodeIgniter(Object(CodeIgniter\CodeIgniter))
 7 FCPATH\index.php(59): CodeIgniter\Boot::bootWeb(Object(Config\Paths))
